2017/05/26 0:52:08 にビルドを開始しました。
     1>ノード 2 上のプロジェクト "C:\Users\spicywolf\Desktop\プロトタイプ\DX21_01.vcxproj" (build ターゲット)。
     1>InitializeBuildStatus:
         "AlwaysCreate" が指定されたため "Debug\DX21_01.unsuccessfulbuild" を作成しています。
       ClCompile:
         c:\Program Files (x86)\Microsoft Visual Studio 10.0\VC\bin\CL.exe /c /ZI /nologo /W3 /WX- /Od /Oy- /D WIN32 /D _DEBUG /D _WINDOWS /D _CRT_SECURE_NO_WARNINGS /D _MBCS /Gm /EHsc /RTC1 /MTd /GS /fp:precise /Zc:wchar_t /Zc:forScope /Fo"Debug\\" /Fd"Debug\vc100.pdb" /Gd /TP /analyze- /errorReport:prompt selectBulletUI.cpp
         selectBulletUI.cpp
         c:\program files (x86)\microsoft directx sdk (june 2010)\include\dinput.h: DIRECTINPUT_VERSION undefined. Defaulting to version 0x0800
       ManifestResourceCompile:
         すべての出力が最新のものです。
       Link:
         c:\Program Files (x86)\Microsoft Visual Studio 10.0\VC\bin\link.exe /ERRORREPORT:PROMPT /OUT:"C:\Users\spicywolf\Desktop\プロトタイプ\Debug\DX21_01.exe" /INCREMENTAL /NOLOGO kernel32.lib user32.lib gdi32.lib winspool.lib comdlg32.lib advapi32.lib shell32.lib ole32.lib oleaut32.lib uuid.lib odbc32.lib odbccp32.lib /MANIFEST /ManifestFile:"Debug\DX21_01.exe.intermediate.manifest" /MANIFESTUAC:"level='asInvoker' uiAccess='false'" /DEBUG /PDB:"C:\Users\spicywolf\Desktop\プロトタイプ\Debug\DX21_01.pdb" /SUBSYSTEM:WINDOWS /TLBID:1 /DYNAMICBASE /NXCOMPAT /IMPLIB:"C:\Users\spicywolf\Desktop\プロトタイプ\Debug\DX21_01.lib" /MACHINE:X86 Debug\DX21_01.exe.embed.manifest.res
         Debug\beziers.obj
         Debug\bg.obj
         Debug\bullet.obj
         Debug\bulletUI.obj
         Debug\fade.obj
         Debug\game.obj
         Debug\gameUI.obj
         Debug\gate.obj
         Debug\hp.obj
         Debug\input.obj
         Debug\inputX.obj
         Debug\main.obj
         Debug\notes.obj
         Debug\particle.obj
         Debug\player.obj
         Debug\polygon.obj
         Debug\selectBulletUI.obj
         Debug\sound.obj
         Debug\stage.obj
         Debug\texture.obj
         Debug\title.obj
       Manifest:
         C:\Program Files (x86)\Microsoft SDKs\Windows\v7.0A\bin\mt.exe /nologo /verbose /out:"Debug\DX21_01.exe.embed.manifest" /manifest Debug\DX21_01.exe.intermediate.manifest
         すべての出力が最新のものです。
       LinkEmbedManifest:
         すべての出力が最新のものです。
         DX21_01.vcxproj -> C:\Users\spicywolf\Desktop\プロトタイプ\Debug\DX21_01.exe
       FinalizeBuildStatus:
         ファイル "Debug\DX21_01.unsuccessfulbuild" を削除しています。
         "Debug\DX21_01.lastbuildstate" のタッチ タスクを実行しています。
     1>プロジェクト "C:\Users\spicywolf\Desktop\プロトタイプ\DX21_01.vcxproj" (build ターゲット) のビルドが完了しました。

ビルドに成功しました。

経過時間 00:00:01.27
