C:\USERS\SPICYWOLF\ONEDRIVE\授業内容\DX21\DX21_13\DX21_01.EXE
C:\USERS\SPICYWOLF\ONEDRIVE\授業内容\DX21\DX21_13\DX21_01.PDB
C:\USERS\SPICYWOLF\ONEDRIVE\授業内容\DX21\DX21_13\RELEASE\DX21_01.EXE.INTERMEDIATE.MANIFEST
C:\USERS\SPICYWOLF\ONEDRIVE\授業内容\DX21\DX21_13\RELEASE\MAIN.OBJ
C:\USERS\SPICYWOLF\ONEDRIVE\授業内容\DX21\DX21_13\RELEASE\POLYGON.OBJ
C:\USERS\SPICYWOLF\ONEDRIVE\授業内容\DX21\DX21_13\RELEASE\VC100.PDB
C:\USERS\SPICYWOLF\ONEDRIVE\授業内容\DX21\DX21_14\DX21_01.EXE
C:\USERS\SPICYWOLF\ONEDRIVE\授業内容\DX21\DX21_14\DX21_01.PDB
C:\USERS\SPICYWOLF\ONEDRIVE\授業内容\DX21\DX21_14\RELEASE\DX21_01.EXE.INTERMEDIATE.MANIFEST
C:\USERS\SPICYWOLF\ONEDRIVE\授業内容\DX21\DX21_14\RELEASE\MAIN.OBJ
C:\USERS\SPICYWOLF\ONEDRIVE\授業内容\DX21\DX21_14\RELEASE\POLYGON.OBJ
C:\USERS\SPICYWOLF\ONEDRIVE\授業内容\DX21\DX21_14\RELEASE\VC100.PDB
C:\USERS\SPICYWOLF\ONEDRIVE\授業内容\DX21\DX21_14-03\DX21_01.EXE
C:\USERS\SPICYWOLF\ONEDRIVE\授業内容\DX21\DX21_14-03\DX21_01.PDB
C:\USERS\SPICYWOLF\ONEDRIVE\授業内容\DX21\DX21_14-03\RELEASE\DX21_01.EXE.INTERMEDIATE.MANIFEST
C:\USERS\SPICYWOLF\ONEDRIVE\授業内容\DX21\DX21_14-03\RELEASE\MAIN.OBJ
C:\USERS\SPICYWOLF\ONEDRIVE\授業内容\DX21\DX21_14-03\RELEASE\POLYGON.OBJ
C:\USERS\SPICYWOLF\ONEDRIVE\授業内容\DX21\DX21_14-03\RELEASE\VC100.PDB
C:\USERS\SPICYWOLF\ONEDRIVE\授業内容\DX21\DX21_15\DX21_01.EXE
C:\USERS\SPICYWOLF\ONEDRIVE\授業内容\DX21\DX21_15\DX21_01.PDB
C:\USERS\SPICYWOLF\ONEDRIVE\授業内容\DX21\DX21_15\RELEASE\DX21_01.EXE
C:\USERS\SPICYWOLF\ONEDRIVE\授業内容\DX21\DX21_15\RELEASE\DX21_01.EXE.INTERMEDIATE.MANIFEST
C:\USERS\SPICYWOLF\ONEDRIVE\授業内容\DX21\DX21_15\RELEASE\MAIN.OBJ
C:\USERS\SPICYWOLF\ONEDRIVE\授業内容\DX21\DX21_15\RELEASE\POLYGON.OBJ
C:\USERS\SPICYWOLF\ONEDRIVE\授業内容\DX21\DX21_15\RELEASE\VC100.PDB
C:\USERS\SPICYWOLF\ONEDRIVE\授業内容\DX21\DX21_18\DX21_01.EXE
C:\USERS\SPICYWOLF\ONEDRIVE\授業内容\DX21\DX21_18\DX21_01.PDB
C:\USERS\SPICYWOLF\ONEDRIVE\授業内容\DX21\DX21_18\RELEASE\DX21_01.EXE.INTERMEDIATE.MANIFEST
C:\USERS\SPICYWOLF\ONEDRIVE\授業内容\DX21\DX21_18\RELEASE\INPUT.OBJ
C:\USERS\SPICYWOLF\ONEDRIVE\授業内容\DX21\DX21_18\RELEASE\MAIN.OBJ
C:\USERS\SPICYWOLF\ONEDRIVE\授業内容\DX21\DX21_18\RELEASE\POLYGON.OBJ
C:\USERS\SPICYWOLF\ONEDRIVE\授業内容\DX21\DX21_18\RELEASE\SCORE.OBJ
C:\USERS\SPICYWOLF\ONEDRIVE\授業内容\DX21\DX21_18\RELEASE\VC100.PDB
C:\USERS\SPICYWOLF\ONEDRIVE\授業内容\DX21\DX21_19\DX21_01.EXE
C:\USERS\SPICYWOLF\ONEDRIVE\授業内容\DX21\DX21_19\DX21_01.PDB
C:\USERS\SPICYWOLF\ONEDRIVE\授業内容\DX21\DX21_19\RELEASE\DX21_01.EXE.INTERMEDIATE.MANIFEST
C:\USERS\SPICYWOLF\ONEDRIVE\授業内容\DX21\DX21_19\RELEASE\INPUT.OBJ
C:\USERS\SPICYWOLF\ONEDRIVE\授業内容\DX21\DX21_19\RELEASE\MAIN.OBJ
C:\USERS\SPICYWOLF\ONEDRIVE\授業内容\DX21\DX21_19\RELEASE\POLYGON.OBJ
C:\USERS\SPICYWOLF\ONEDRIVE\授業内容\DX21\DX21_19\RELEASE\SCORE.OBJ
C:\USERS\SPICYWOLF\ONEDRIVE\授業内容\DX21\DX21_19\RELEASE\SOUND.OBJ
C:\USERS\SPICYWOLF\ONEDRIVE\授業内容\DX21\DX21_19\RELEASE\VC100.PDB
E:\授業内容\DX21\DX21_19\DX21_01.EXE
E:\授業内容\DX21\DX21_19\DX21_01.PDB
E:\授業内容\DX21\DX21_19\RELEASE\DX21_01.EXE.INTERMEDIATE.MANIFEST
E:\授業内容\DX21\DX21_19\RELEASE\INPUT.OBJ
E:\授業内容\DX21\DX21_19\RELEASE\MAIN.OBJ
E:\授業内容\DX21\DX21_19\RELEASE\POLYGON.OBJ
E:\授業内容\DX21\DX21_19\RELEASE\SCORE.OBJ
E:\授業内容\DX21\DX21_19\RELEASE\SOUND.OBJ
E:\授業内容\DX21\DX21_19\RELEASE\VC100.PDB
J:\授業内容\DX21\DX21_19\DX21_01.EXE
J:\授業内容\DX21\DX21_19\DX21_01.PDB
J:\授業内容\DX21\DX21_19\Release\cl.command.1.tlog
J:\授業内容\DX21\DX21_19\Release\CL.read.1.tlog
J:\授業内容\DX21\DX21_19\Release\CL.write.1.tlog
J:\授業内容\DX21\DX21_19\RELEASE\DX21_01.EXE.INTERMEDIATE.MANIFEST
J:\授業内容\DX21\DX21_19\Release\DX21_01.pdb
J:\授業内容\DX21\DX21_19\Release\DX21_01.vcxprojResolveAssemblyReference.cache
J:\授業内容\DX21\DX21_19\Release\DX21_01.write.1.tlog
J:\授業内容\DX21\DX21_19\RELEASE\INPUT.OBJ
J:\授業内容\DX21\DX21_19\Release\link.command.1.tlog
J:\授業内容\DX21\DX21_19\Release\link.read.1.tlog
J:\授業内容\DX21\DX21_19\Release\link.write.1.tlog
J:\授業内容\DX21\DX21_19\RELEASE\MAIN.OBJ
J:\授業内容\DX21\DX21_19\Release\mt.command.1.tlog
J:\授業内容\DX21\DX21_19\Release\mt.read.1.tlog
J:\授業内容\DX21\DX21_19\Release\mt.write.1.tlog
J:\授業内容\DX21\DX21_19\RELEASE\POLYGON.OBJ
J:\授業内容\DX21\DX21_19\RELEASE\SCORE.OBJ
J:\授業内容\DX21\DX21_19\RELEASE\SOUND.OBJ
J:\授業内容\DX21\DX21_19\RELEASE\VC100.PDB
