  activate.cpp
  C:\Program Files (x86)\Microsoft DirectX SDK (June 2010)\include\dinput.h: DIRECTINPUT_VERSION undefined. Defaulting to version 0x0800
  beziers.cpp
  C:\Program Files (x86)\Microsoft DirectX SDK (June 2010)\include\dinput.h: DIRECTINPUT_VERSION undefined. Defaulting to version 0x0800
  bg.cpp
  C:\Program Files (x86)\Microsoft DirectX SDK (June 2010)\include\dinput.h: DIRECTINPUT_VERSION undefined. Defaulting to version 0x0800
  boss.cpp
  C:\Program Files (x86)\Microsoft DirectX SDK (June 2010)\include\dinput.h: DIRECTINPUT_VERSION undefined. Defaulting to version 0x0800
  bullet.cpp
  C:\Program Files (x86)\Microsoft DirectX SDK (June 2010)\include\dinput.h: DIRECTINPUT_VERSION undefined. Defaulting to version 0x0800
  bulletBoss.cpp
  C:\Program Files (x86)\Microsoft DirectX SDK (June 2010)\include\dinput.h: DIRECTINPUT_VERSION undefined. Defaulting to version 0x0800
  bulletEffect.cpp
  C:\Program Files (x86)\Microsoft DirectX SDK (June 2010)\include\dinput.h: DIRECTINPUT_VERSION undefined. Defaulting to version 0x0800
  bulletUI.cpp
  C:\Program Files (x86)\Microsoft DirectX SDK (June 2010)\include\dinput.h: DIRECTINPUT_VERSION undefined. Defaulting to version 0x0800
  castle.cpp
  C:\Program Files (x86)\Microsoft DirectX SDK (June 2010)\include\dinput.h: DIRECTINPUT_VERSION undefined. Defaulting to version 0x0800
  explo.cpp
  C:\Program Files (x86)\Microsoft DirectX SDK (June 2010)\include\dinput.h: DIRECTINPUT_VERSION undefined. Defaulting to version 0x0800
  fade.cpp
  C:\Program Files (x86)\Microsoft DirectX SDK (June 2010)\include\dinput.h: DIRECTINPUT_VERSION undefined. Defaulting to version 0x0800
  fcoh.cpp
  C:\Program Files (x86)\Microsoft DirectX SDK (June 2010)\include\dinput.h: DIRECTINPUT_VERSION undefined. Defaulting to version 0x0800
  game.cpp
  C:\Program Files (x86)\Microsoft DirectX SDK (June 2010)\include\dinput.h: DIRECTINPUT_VERSION undefined. Defaulting to version 0x0800
game.cpp(273): warning C4244: '引数' : 'float' から 'int' への変換です。データが失われる可能性があります。
game.cpp(280): warning C4244: '引数' : 'float' から 'int' への変換です。データが失われる可能性があります。
  gameBG.cpp
  C:\Program Files (x86)\Microsoft DirectX SDK (June 2010)\include\dinput.h: DIRECTINPUT_VERSION undefined. Defaulting to version 0x0800
  gameUI.cpp
  C:\Program Files (x86)\Microsoft DirectX SDK (June 2010)\include\dinput.h: DIRECTINPUT_VERSION undefined. Defaulting to version 0x0800
gameUI.cpp(36): warning C4305: '引数' : 'double' から 'FLOAT' へ切り詰めます。
gameUI.cpp(36): warning C4305: '引数' : 'double' から 'FLOAT' へ切り詰めます。
gameUI.cpp(37): warning C4305: '引数' : 'double' から 'FLOAT' へ切り詰めます。
gameUI.cpp(40): warning C4305: '引数' : 'double' から 'FLOAT' へ切り詰めます。
  gate.cpp
  C:\Program Files (x86)\Microsoft DirectX SDK (June 2010)\include\dinput.h: DIRECTINPUT_VERSION undefined. Defaulting to version 0x0800
  hp.cpp
  C:\Program Files (x86)\Microsoft DirectX SDK (June 2010)\include\dinput.h: DIRECTINPUT_VERSION undefined. Defaulting to version 0x0800
  human.cpp
  C:\Program Files (x86)\Microsoft DirectX SDK (June 2010)\include\dinput.h: DIRECTINPUT_VERSION undefined. Defaulting to version 0x0800
  input.cpp
  C:\Program Files (x86)\Microsoft DirectX SDK (June 2010)\include\dinput.h: DIRECTINPUT_VERSION undefined. Defaulting to version 0x0800
  inputX.cpp
  コンパイル中...
  main.cpp
  C:\Program Files (x86)\Microsoft DirectX SDK (June 2010)\include\dinput.h: DIRECTINPUT_VERSION undefined. Defaulting to version 0x0800
  notes.cpp
  C:\Program Files (x86)\Microsoft DirectX SDK (June 2010)\include\dinput.h: DIRECTINPUT_VERSION undefined. Defaulting to version 0x0800
  nucleusBoss.cpp
  C:\Program Files (x86)\Microsoft DirectX SDK (June 2010)\include\dinput.h: DIRECTINPUT_VERSION undefined. Defaulting to version 0x0800
  number.cpp
  C:\Program Files (x86)\Microsoft DirectX SDK (June 2010)\include\dinput.h: DIRECTINPUT_VERSION undefined. Defaulting to version 0x0800
number.cpp(153): warning C4244: '*=' : 'float' から 'int' への変換です。データが失われる可能性があります。
  particle.cpp
  C:\Program Files (x86)\Microsoft DirectX SDK (June 2010)\include\dinput.h: DIRECTINPUT_VERSION undefined. Defaulting to version 0x0800
  player.cpp
  C:\Program Files (x86)\Microsoft DirectX SDK (June 2010)\include\dinput.h: DIRECTINPUT_VERSION undefined. Defaulting to version 0x0800
  polygon.cpp
  C:\Program Files (x86)\Microsoft DirectX SDK (June 2010)\include\dinput.h: DIRECTINPUT_VERSION undefined. Defaulting to version 0x0800
  result.cpp
  C:\Program Files (x86)\Microsoft DirectX SDK (June 2010)\include\dinput.h: DIRECTINPUT_VERSION undefined. Defaulting to version 0x0800
result.cpp(378): warning C4244: '=' : 'double' から 'float' への変換です。データが失われる可能性があります。
result.cpp(390): warning C4244: '=' : 'int' から 'float' への変換です。データが失われる可能性があります。
result.cpp(391): warning C4244: '=' : 'double' から 'float' への変換です。データが失われる可能性があります。
result.cpp(409): warning C4244: '=' : 'int' から 'float' への変換です。データが失われる可能性があります。
result.cpp(427): warning C4244: '=' : 'int' から 'float' への変換です。データが失われる可能性があります。
result.cpp(571): warning C4305: '引数' : 'double' から 'float' へ切り詰めます。
result.cpp(571): warning C4244: '引数' : 'float' から 'int' への変換です。データが失われる可能性があります。
result.cpp(577): warning C4305: '引数' : 'double' から 'float' へ切り詰めます。
result.cpp(577): warning C4244: '引数' : 'float' から 'int' への変換です。データが失われる可能性があります。
result.cpp(583): warning C4305: '引数' : 'double' から 'float' へ切り詰めます。
result.cpp(583): warning C4244: '引数' : 'float' から 'int' への変換です。データが失われる可能性があります。
  sound.cpp
  C:\Program Files (x86)\Microsoft DirectX SDK (June 2010)\include\dinput.h: DIRECTINPUT_VERSION undefined. Defaulting to version 0x0800
  stage.cpp
  C:\Program Files (x86)\Microsoft DirectX SDK (June 2010)\include\dinput.h: DIRECTINPUT_VERSION undefined. Defaulting to version 0x0800
stage.cpp(441): warning C4065: switch 文に 'default' はありますが 'case' ラベルがありません。
  stageselect.cpp
  C:\Program Files (x86)\Microsoft DirectX SDK (June 2010)\include\dinput.h: DIRECTINPUT_VERSION undefined. Defaulting to version 0x0800
  texture.cpp
  C:\Program Files (x86)\Microsoft DirectX SDK (June 2010)\include\dinput.h: DIRECTINPUT_VERSION undefined. Defaulting to version 0x0800
  title.cpp
  C:\Program Files (x86)\Microsoft DirectX SDK (June 2010)\include\dinput.h: DIRECTINPUT_VERSION undefined. Defaulting to version 0x0800
title.cpp(177): warning C4996: 'strcat': This function or variable may be unsafe. Consider using strcat_s instead. To disable deprecation, use _CRT_SECURE_NO_WARNINGS. See online help for details.
          c:\Program Files (x86)\Microsoft Visual Studio 10.0\VC\include\string.h(110) : 'strcat' の宣言を確認してください。
title.cpp(178): warning C4996: 'strcat': This function or variable may be unsafe. Consider using strcat_s instead. To disable deprecation, use _CRT_SECURE_NO_WARNINGS. See online help for details.
          c:\Program Files (x86)\Microsoft Visual Studio 10.0\VC\include\string.h(110) : 'strcat' の宣言を確認してください。
  コード生成しています。
  コード生成が終了しました。
  DX21_01.vcxproj -> C:\Users\spicywolf\Google ドライブ\日本ゲーム大賞2017\上野匠\プロトタイプ\DX21_01.exe
